<?xml version="1.0" encoding="UTF-8"?>
<testng-results ignored="0" total="1" passed="1" failed="0" skipped="0">
  <reporter-output>
  </reporter-output>
  <suite started-at="2023-11-26T14:41:14 IST" name="Surefire suite" finished-at="2023-11-26T14:41:27 IST" duration-ms="12959">
    <groups>
    </groups>
    <test started-at="2023-11-26T14:41:14 IST" name="Surefire test" finished-at="2023-11-26T14:41:27 IST" duration-ms="12959">
      <class name="dinitigroup.UITest">
        <test-method signature="startBrowser()[pri:0, instance:dinitigroup.UITest@130f889]" started-at="2023-11-26T14:41:14 IST" name="startBrowser" finished-at="2023-11-26T14:41:27 IST" duration-ms="12919" status="PASS">
          <reporter-output>
          </reporter-output>
        </test-method> <!-- startBrowser -->
      </class> <!-- dinitigroup.UITest -->
    </test> <!-- Surefire test -->
  </suite> <!-- Surefire suite -->
</testng-results>
