<?xml version="1.0" encoding="UTF-8"?>
<testng-results ignored="0" total="1" passed="1" failed="0" skipped="0">
  <reporter-output>
  </reporter-output>
  <suite started-at="2023-11-26T12:59:36 IST" name="Default suite" finished-at="2023-11-26T12:59:48 IST" duration-ms="11606">
    <groups>
    </groups>
    <test started-at="2023-11-26T12:59:36 IST" name="Default test" finished-at="2023-11-26T12:59:48 IST" duration-ms="11606">
      <class name="dinitigroup.UITest">
        <test-method signature="startBrowser()[pri:0, instance:dinitigroup.UITest@53976f5c]" started-at="2023-11-26T12:59:36 IST" name="startBrowser" finished-at="2023-11-26T12:59:48 IST" duration-ms="11548" status="PASS">
          <reporter-output>
          </reporter-output>
        </test-method> <!-- startBrowser -->
      </class> <!-- dinitigroup.UITest -->
    </test> <!-- Default test -->
  </suite> <!-- Default suite -->
</testng-results>
